This is pdfTeX, Version 3.141592653-2.6-1.40.23 (MiKTeX 21.7) (preloaded format=pdflatex 2021.10.21)  25 OCT 2021 09:48
entering extended mode
**myfirstarticle.tex

(/Users/PILLEE/Library/Application Support/MiKTeX/texmfs/install/tex/latex/tool
s/q.tex
LaTeX2e <2021-06-01> patch level 1
L3 programming layer <2021-10-12> File ignored
)
! Emergency stop.
<*> myfirstarticle.tex
                      
*** (job aborted, no legal \end found)

 
Here is how much of TeX's memory you used:
 19 strings out of 478928
 565 string characters out of 2843559
 290189 words of memory out of 3000000
 17978 multiletter control sequences out of 15000+600000
 403430 words of font info for 27 fonts, out of 8000000 for 9000
 1141 hyphenation exceptions out of 8191
 13i,0n,12p,99b,10s stack positions out of 5000i,500n,10000p,200000b,80000s
!  ==> Fatal error occurred, no output PDF file produced!
