This is pdfTeX, Version 3.141592653-2.6-1.40.23 (MiKTeX 21.7) (preloaded format=pdflatex 2021.10.25)  25 OCT 2021 14:01
entering extended mode
**./myfirstarticle.tex
(myfirstarticle.tex
LaTeX2e <2021-06-01> patch level 1
L3 programming layer <2021-10-18>
(/Users/PILLEE/Library/Application Support/MiKTeX/texmfs/install/tex/latex/base
/article.cls
Document Class: article 2021/02/12 v1.4n Standard LaTeX document class

(/Users/PILLEE/Library/Application Support/MiKTeX/texmfs/install/tex/latex/base
/size10.clo
File: size10.clo 2021/02/12 v1.4n Standard LaTeX file (size option)
)
\c@part=\count182
\c@section=\count183
\c@subsection=\count184
\c@subsubsection=\count185
\c@paragraph=\count186
\c@subparagraph=\count187
\c@figure=\count188
\c@table=\count189
\abovecaptionskip=\skip47
\belowcaptionskip=\skip48
\bibindent=\dimen138
)
(/Users/PILLEE/Library/Application Support/MiKTeX/texmfs/install/tex/latex/blin
dtext/blindtext.sty
Package: blindtext 2012/01/06 V2.0 blindtext-Package

(/Users/PILLEE/Library/Application Support/MiKTeX/texmfs/install/tex/latex/tool
s/xspace.sty
Package: xspace 2014/10/28 v1.13 Space after command names (DPC,MH)
)
\c@blindtext=\count190
\c@Blindtext=\count191
\c@blind@countparstart=\count192
\blind@countxx=\count193
\blindtext@numBlindtext=\count194
\blind@countyy=\count195
\c@blindlist=\count196
\c@blindlistlevel=\count197
\c@blindlist@level=\count198
\blind@listitem=\count199
\c@blind@listcount=\count266
\c@blind@levelcount=\count267
\blind@mathformula=\count268
\blind@Mathformula=\count269
\c@blind@randomcount=\count270
\c@blind@randommax=\count271
\c@blind@pangramcount=\count272
\c@blind@pangrammax=\count273
)
(/Users/PILLEE/Library/Application Support/MiKTeX/texmfs/install/tex/latex/thre
eparttable/threeparttable.sty
Package: threeparttable 2003/06/13  v 3.0
\@tempboxb=\box50
)
(/Users/PILLEE/Library/Application Support/MiKTeX/texmfs/install/tex/latex/book
tabs/booktabs.sty
Package: booktabs 2020/01/12 v1.61803398 Publication quality tables
\heavyrulewidth=\dimen139
\lightrulewidth=\dimen140
\cmidrulewidth=\dimen141
\belowrulesep=\dimen142
\belowbottomsep=\dimen143
\aboverulesep=\dimen144
\abovetopsep=\dimen145
\cmidrulesep=\dimen146
\cmidrulekern=\dimen147
\defaultaddspace=\dimen148
\@cmidla=\count274
\@cmidlb=\count275
\@aboverulesep=\dimen149
\@belowrulesep=\dimen150
\@thisruleclass=\count276
\@lastruleclass=\count277
\@thisrulewidth=\dimen151
)
(/Users/PILLEE/Library/Application Support/MiKTeX/texmfs/install/tex/latex/l3ba
ckend/l3backend-pdftex.def
File: l3backend-pdftex.def 2021-10-18 L3 backend support: PDF output (pdfTeX)
\l__color_backend_stack_int=\count278
\l__pdf_internal_box=\box51
) (myfirstarticle.aux)
\openout1 = `myfirstarticle.aux'.

LaTeX Font Info:    Checking defaults for OML/cmm/m/it on input line 7.
LaTeX Font Info:    ... okay on input line 7.
LaTeX Font Info:    Checking defaults for OMS/cmsy/m/n on input line 7.
LaTeX Font Info:    ... okay on input line 7.
LaTeX Font Info:    Checking defaults for OT1/cmr/m/n on input line 7.
LaTeX Font Info:    ... okay on input line 7.
LaTeX Font Info:    Checking defaults for T1/cmr/m/n on input line 7.
LaTeX Font Info:    ... okay on input line 7.
LaTeX Font Info:    Checking defaults for TS1/cmr/m/n on input line 7.
LaTeX Font Info:    ... okay on input line 7.
LaTeX Font Info:    Checking defaults for OMX/cmex/m/n on input line 7.
LaTeX Font Info:    ... okay on input line 7.
LaTeX Font Info:    Checking defaults for U/cmr/m/n on input line 7.
LaTeX Font Info:    ... okay on input line 7.
LaTeX Font Info:    External font `cmex10' loaded for size
(Font)              <7> on input line 27.
LaTeX Font Info:    External font `cmex10' loaded for size
(Font)              <5> on input line 27.
 [1

{/Users/PILLEE/Library/Application Support/MiKTeX/texmfs/data/pdftex/config/pdf
tex.map}] [2] [3] [4]
[5]
No file myfirstarticle.bbl.
[6] (myfirstarticle.aux) ) 
Here is how much of TeX's memory you used:
 730 strings out of 478908
 13327 string characters out of 2842916
 305936 words of memory out of 3000000
 18670 multiletter control sequences out of 15000+600000
 405546 words of font info for 34 fonts, out of 8000000 for 9000
 1141 hyphenation exceptions out of 8191
 42i,10n,52p,347b,274s stack positions out of 5000i,500n,10000p,200000b,80000s
</Users/PILLEE/Library/Application Support/MiKTeX/tex
mfs/install/fonts/type1/public/amsfonts/cm/cmbx12.pfb></Users/PILLEE/Library/Ap
plication Support/MiKTeX/texmfs/install/fonts/type1/public/amsfonts/cm/cmr10.pf
b></Users/PILLEE/Library/Application Support/MiKTeX/texmfs/install/fonts/type1/
public/amsfonts/cm/cmr17.pfb>
Output written on myfirstarticle.pdf (6 pages, 55091 bytes).
PDF statistics:
 36 PDF objects out of 1000 (max. 8388607)
 0 named destinations out of 1000 (max. 500000)
 1 words of extra memory for PDF output out of 10000 (max. 10000000)

